mode: set
github.com/aldolushkja/gobookings/cmd/web/main.go:22.13,24.15 2 0
github.com/aldolushkja/gobookings/cmd/web/main.go:28.2,35.16 4 0
github.com/aldolushkja/gobookings/cmd/web/main.go:24.15,26.3 1 0
github.com/aldolushkja/gobookings/cmd/web/main.go:35.16,37.3 1 0
github.com/aldolushkja/gobookings/cmd/web/main.go:40.18,56.16 10 1
github.com/aldolushkja/gobookings/cmd/web/main.go:60.2,67.12 6 1
github.com/aldolushkja/gobookings/cmd/web/main.go:56.16,59.3 2 0
github.com/aldolushkja/gobookings/cmd/web/middleware.go:9.45,20.2 3 1
github.com/aldolushkja/gobookings/cmd/web/middleware.go:23.50,25.2 1 1
github.com/aldolushkja/gobookings/cmd/web/routes.go:11.49,36.2 18 1
